This is pdfTeX, Version 3.141592653-2.6-1.40.26 (MiKTeX 24.4) (preloaded format=pdflatex 2024.7.11)  24 NOV 2024 18:42
entering extended mode
 restricted \write18 enabled.
 %&-line parsing enabled.
**./projektV2.tex
(projektV2.tex
LaTeX2e <2024-06-01> patch level 2
L3 programming layer <2024-05-27>
(D:\MikTex\tex/latex/base\article.cls
Document Class: article 2024/02/08 v1.4n Standard LaTeX document class
(D:\MikTex\tex/latex/base\size11.clo
File: size11.clo 2024/02/08 v1.4n Standard LaTeX file (size option)
)
\c@part=\count194
\c@section=\count195
\c@subsection=\count196
\c@subsubsection=\count197
\c@paragraph=\count198
\c@subparagraph=\count199
\c@figure=\count266
\c@table=\count267
\abovecaptionskip=\skip49
\belowcaptionskip=\skip50
\bibindent=\dimen141
)
(D:\MikTex\tex/latex/geometry\geometry.sty
Package: geometry 2020/01/02 v5.9 Page Geometry

(D:\MikTex\tex/latex/graphics\keyval.sty
Package: keyval 2022/05/29 v1.15 key=value parser (DPC)
\KV@toks@=\toks17
)
(D:\MikTex\tex/generic/iftex\ifvtex.sty
Package: ifvtex 2019/10/25 v1.7 ifvtex legacy package. Use iftex instead.
 (D:\MikTex\tex/generic/iftex\iftex.sty
Package: iftex 2022/02/03 v1.0f TeX engine tests
))
\Gm@cnth=\count268
\Gm@cntv=\count269
\c@Gm@tempcnt=\count270
\Gm@bindingoffset=\dimen142
\Gm@wd@mp=\dimen143
\Gm@odd@mp=\dimen144
\Gm@even@mp=\dimen145
\Gm@layoutwidth=\dimen146
\Gm@layoutheight=\dimen147
\Gm@layouthoffset=\dimen148
\Gm@layoutvoffset=\dimen149
\Gm@dimlist=\toks18
 (D:\MikTex\tex/latex/geometry\geometry.cfg))
(D:\MikTex\tex/latex/base\fontenc.sty
Package: fontenc 2021/04/29 v2.0v Standard LaTeX package
) (D:\MikTex\tex/generic/babel\babel.sty
Package: babel 2024/01/07 v24.1 The Babel package
\babel@savecnt=\count271
\U@D=\dimen150
\l@unhyphenated=\language79

(D:\MikTex\tex/generic/babel\txtbabel.def)
\bbl@readstream=\read2
\bbl@dirlevel=\count272

*************************************
* Local config file bblopts.cfg used
*
(D:\MikTex\tex/latex/arabi\bblopts.cfg
File: bblopts.cfg 2005/09/08 v0.1 add Arabic and Farsi to "declared" options of
 babel
)
(D:\MikTex\tex/latex/babel-polish\polish.ldf
Language: polish 2022/03/12 1.3 Babel support for Polish
Package babel Info: Making " an active character on input line 101.
))
(D:\MikTex\tex/generic/babel/locale/pl\babel-polish.tex
Package babel Info: Importing font and identification data for polish
(babel)             from babel-pl.ini. Reported on input line 11.
)
(D:\MikTex\tex/latex/graphics\graphicx.sty
Package: graphicx 2021/09/16 v1.2d Enhanced LaTeX Graphics (DPC,SPQR)

(D:\MikTex\tex/latex/graphics\graphics.sty
Package: graphics 2022/03/10 v1.4e Standard LaTeX Graphics (DPC,SPQR)

(D:\MikTex\tex/latex/graphics\trig.sty
Package: trig 2021/08/11 v1.11 sin cos tan (DPC)
)
(D:\MikTex\tex/latex/graphics-cfg\graphics.cfg
File: graphics.cfg 2016/06/04 v1.11 sample graphics configuration
)
Package graphics Info: Driver file: pdftex.def on input line 107.

(D:\MikTex\tex/latex/graphics-def\pdftex.def
File: pdftex.def 2022/09/22 v1.2b Graphics/color driver for pdftex
))
\Gin@req@height=\dimen151
\Gin@req@width=\dimen152
)
(D:\MikTex\tex/latex/ragged2e\ragged2e.sty
Package: ragged2e 2023/06/22 v3.6 ragged2e Package
\CenteringLeftskip=\skip51
\RaggedLeftLeftskip=\skip52
\RaggedRightLeftskip=\skip53
\CenteringRightskip=\skip54
\RaggedLeftRightskip=\skip55
\RaggedRightRightskip=\skip56
\CenteringParfillskip=\skip57
\RaggedLeftParfillskip=\skip58
\RaggedRightParfillskip=\skip59
\JustifyingParfillskip=\skip60
\CenteringParindent=\skip61
\RaggedLeftParindent=\skip62
\RaggedRightParindent=\skip63
\JustifyingParindent=\skip64
)
(D:\MikTex\tex/latex/caption\caption.sty
Package: caption 2023/08/05 v3.6o Customizing captions (AR)

(D:\MikTex\tex/latex/caption\caption3.sty
Package: caption3 2023/07/31 v2.4d caption3 kernel (AR)
\caption@tempdima=\dimen153
\captionmargin=\dimen154
\caption@leftmargin=\dimen155
\caption@rightmargin=\dimen156
\caption@width=\dimen157
\caption@indent=\dimen158
\caption@parindent=\dimen159
\caption@hangindent=\dimen160
Package caption Info: Standard document class detected.
)
\c@caption@flags=\count273
\c@continuedfloat=\count274
)
(D:\MikTex\tex/latex/amsmath\amsmath.sty
Package: amsmath 2023/05/13 v2.17o AMS math features
\@mathmargin=\skip65

For additional information on amsmath, use the `?' option.
(D:\MikTex\tex/latex/amsmath\amstext.sty
Package: amstext 2021/08/26 v2.01 AMS text

(D:\MikTex\tex/latex/amsmath\amsgen.sty
File: amsgen.sty 1999/11/30 v2.0 generic functions
\@emptytoks=\toks19
\ex@=\dimen161
))
(D:\MikTex\tex/latex/amsmath\amsbsy.sty
Package: amsbsy 1999/11/29 v1.2d Bold Symbols
\pmbraise@=\dimen162
)
(D:\MikTex\tex/latex/amsmath\amsopn.sty
Package: amsopn 2022/04/08 v2.04 operator names
)
\inf@bad=\count275
LaTeX Info: Redefining \frac on input line 234.
\uproot@=\count276
\leftroot@=\count277
LaTeX Info: Redefining \overline on input line 399.
LaTeX Info: Redefining \colon on input line 410.
\classnum@=\count278
\DOTSCASE@=\count279
LaTeX Info: Redefining \ldots on input line 496.
LaTeX Info: Redefining \dots on input line 499.
LaTeX Info: Redefining \cdots on input line 620.
\Mathstrutbox@=\box52
\strutbox@=\box53
LaTeX Info: Redefining \big on input line 722.
LaTeX Info: Redefining \Big on input line 723.
LaTeX Info: Redefining \bigg on input line 724.
LaTeX Info: Redefining \Bigg on input line 725.
\big@size=\dimen163
LaTeX Font Info:    Redeclaring font encoding OML on input line 743.
LaTeX Font Info:    Redeclaring font encoding OMS on input line 744.
\macc@depth=\count280
LaTeX Info: Redefining \bmod on input line 905.
LaTeX Info: Redefining \pmod on input line 910.
LaTeX Info: Redefining \smash on input line 940.
LaTeX Info: Redefining \relbar on input line 970.
LaTeX Info: Redefining \Relbar on input line 971.
\c@MaxMatrixCols=\count281
\dotsspace@=\muskip17
\c@parentequation=\count282
\dspbrk@lvl=\count283
\tag@help=\toks20
\row@=\count284
\column@=\count285
\maxfields@=\count286
\andhelp@=\toks21
\eqnshift@=\dimen164
\alignsep@=\dimen165
\tagshift@=\dimen166
\tagwidth@=\dimen167
\totwidth@=\dimen168
\lineht@=\dimen169
\@envbody=\toks22
\multlinegap=\skip66
\multlinetaggap=\skip67
\mathdisplay@stack=\toks23
LaTeX Info: Redefining \[ on input line 2953.
LaTeX Info: Redefining \] on input line 2954.
)
(D:\MikTex\tex/latex/amsfonts\amssymb.sty
Package: amssymb 2013/01/14 v3.01 AMS font symbols

(D:\MikTex\tex/latex/amsfonts\amsfonts.sty
Package: amsfonts 2013/01/14 v3.01 Basic AMSFonts support
\symAMSa=\mathgroup4
\symAMSb=\mathgroup5
LaTeX Font Info:    Redeclaring math symbol \hbar on input line 98.
LaTeX Font Info:    Overwriting math alphabet `\mathfrak' in version `bold'
(Font)                  U/euf/m/n --> U/euf/b/n on input line 106.
))
(D:\MikTex\tex/latex/setspace\setspace.sty
Package: setspace 2022/12/04 v6.7b set line spacing
)
(D:\MikTex\tex/latex/base\inputenc.sty
Package: inputenc 2024/02/08 v1.3d Input encoding file
\inpenc@prehook=\toks24
\inpenc@posthook=\toks25
) (D:\MikTex\tex/latex/subfig\subfig.sty
Package: subfig 2005/06/28 ver: 1.3 subfig package
\c@KVtest=\count287
\sf@farskip=\skip68
\sf@captopadj=\dimen170
\sf@capskip=\skip69
\sf@nearskip=\skip70
\c@subfigure=\count288
\c@subfigure@save=\count289
\c@lofdepth=\count290
\c@subtable=\count291
\c@subtable@save=\count292
\c@lotdepth=\count293
\sf@top=\skip71
\sf@bottom=\skip72
) (D:\MikTex\tex/latex/cancel\cancel.sty
Package: cancel 2013/04/12 v2.2 Cancel math terms
) (D:\MikTex\tex/latex/import\import.sty
Package: import 2020/04/01  v 6.2
) (D:\MikTex\tex/latex/svg\svg.sty
Package: svg 2020/11/26 v2.02k (include SVG pictures)
 (D:\MikTex\tex/latex/koma-script\scrbase.sty
Package: scrbase 2023/07/07 v3.41 KOMA-Script package (KOMA-Script-independent 
basics and keyval usage)
(D:\MikTex\tex/latex/koma-script\scrlfile.sty
Package: scrlfile 2023/07/07 v3.41 KOMA-Script package (file load hooks)

(D:\MikTex\tex/latex/koma-script\scrlfile-hook.sty
Package: scrlfile-hook 2023/07/07 v3.41 KOMA-Script package (using LaTeX hooks)


(D:\MikTex\tex/latex/koma-script\scrlogo.sty
Package: scrlogo 2023/07/07 v3.41 KOMA-Script package (logo)
)))
Applying: [2021/05/01] Usage of raw or classic option list on input line 252.
Already applied: [0000/00/00] Usage of raw or classic option list on input line
 368.
)
(D:\MikTex\tex/generic/pdftexcmds\pdftexcmds.sty
Package: pdftexcmds 2020-06-27 v0.33 Utility functions of pdfTeX for LuaTeX (HO
)

(D:\MikTex\tex/generic/infwarerr\infwarerr.sty
Package: infwarerr 2019/12/03 v1.5 Providing info/warning/error messages (HO)
)
(D:\MikTex\tex/generic/ltxcmds\ltxcmds.sty
Package: ltxcmds 2023-12-04 v1.26 LaTeX kernel commands for general use (HO)
)
Package pdftexcmds Info: \pdf@primitive is available.
Package pdftexcmds Info: \pdf@ifprimitive is available.
Package pdftexcmds Info: \pdfdraftmode found.
)
(D:\MikTex\tex/latex/trimspaces\trimspaces.sty
Package: trimspaces 2009/09/17 v1.1 Trim spaces around a token list
)
(D:\MikTex\tex/latex/tools\shellesc.sty
Package: shellesc 2023/07/08 v1.0d unified shell escape interface for LaTeX
Package shellesc Info: Restricted shell escape enabled on input line 77.
)
\c@svg@param@lastpage=\count294
\svg@box=\box54
\c@svg@param@currpage=\count295
)
(D:\MikTex\tex/latex/xcolor\xcolor.sty
Package: xcolor 2023/11/15 v3.01 LaTeX color extensions (UK)

(D:\MikTex\tex/latex/graphics-cfg\color.cfg
File: color.cfg 2016/01/02 v1.6 sample color configuration
)
Package xcolor Info: Driver file: pdftex.def on input line 274.

(D:\MikTex\tex/latex/graphics\mathcolor.ltx)
Package xcolor Info: Model `cmy' substituted by `cmy0' on input line 1350.
Package xcolor Info: Model `hsb' substituted by `rgb' on input line 1354.
Package xcolor Info: Model `RGB' extended on input line 1366.
Package xcolor Info: Model `HTML' substituted by `rgb' on input line 1368.
Package xcolor Info: Model `Hsb' substituted by `hsb' on input line 1369.
Package xcolor Info: Model `tHsb' substituted by `hsb' on input line 1370.
Package xcolor Info: Model `HSB' substituted by `hsb' on input line 1371.
Package xcolor Info: Model `Gray' substituted by `gray' on input line 1372.
Package xcolor Info: Model `wave' substituted by `hsb' on input line 1373.
)
(D:\MikTex\tex/latex/transparent\transparent.sty
Package: transparent 2022-10-27 v1.5 Transparency with color stacks

(D:\MikTex\tex/latex/transparent\transparent-nometadata.sty
Package: transparent-nometadata 2022-10-27 v1.5 Transparency via pdfTeX's color
 stack (HO)

(D:\MikTex\tex/latex/auxhook\auxhook.sty
Package: auxhook 2019-12-17 v1.6 Hooks for auxiliary files (HO)
)))
(D:\MikTex\tex/latex/pgf/systemlayer\pgfsys.sty
(D:\MikTex\tex/latex/pgf/utilities\pgfrcs.sty
(D:\MikTex\tex/generic/pgf/utilities\pgfutil-common.tex
\pgfutil@everybye=\toks26
\pgfutil@tempdima=\dimen171
\pgfutil@tempdimb=\dimen172
)
(D:\MikTex\tex/generic/pgf/utilities\pgfutil-latex.def
\pgfutil@abb=\box55
)
(D:\MikTex\tex/generic/pgf/utilities\pgfrcs.code.tex
(D:\MikTex\tex/generic/pgf\pgf.revision.tex)
Package: pgfrcs 2023-01-15 v3.1.10 (3.1.10)
))
(D:\MikTex\tex/generic/pgf/systemlayer\pgfsys.code.tex
Package: pgfsys 2023-01-15 v3.1.10 (3.1.10)

(D:\MikTex\tex/generic/pgf/utilities\pgfkeys.code.tex
\pgfkeys@pathtoks=\toks27
\pgfkeys@temptoks=\toks28

(D:\MikTex\tex/generic/pgf/utilities\pgfkeyslibraryfiltered.code.tex
\pgfkeys@tmptoks=\toks29
))
\pgf@x=\dimen173
\pgf@y=\dimen174
\pgf@xa=\dimen175
\pgf@ya=\dimen176
\pgf@xb=\dimen177
\pgf@yb=\dimen178
\pgf@xc=\dimen179
\pgf@yc=\dimen180
\pgf@xd=\dimen181
\pgf@yd=\dimen182
\w@pgf@writea=\write3
\r@pgf@reada=\read3
\c@pgf@counta=\count296
\c@pgf@countb=\count297
\c@pgf@countc=\count298
\c@pgf@countd=\count299
\t@pgf@toka=\toks30
\t@pgf@tokb=\toks31
\t@pgf@tokc=\toks32
\pgf@sys@id@count=\count300

(D:\MikTex\tex/generic/pgf/systemlayer\pgf.cfg
File: pgf.cfg 2023-01-15 v3.1.10 (3.1.10)
)
Driver file for pgf: pgfsys-pdftex.def

(D:\MikTex\tex/generic/pgf/systemlayer\pgfsys-pdftex.def
File: pgfsys-pdftex.def 2023-01-15 v3.1.10 (3.1.10)

(D:\MikTex\tex/generic/pgf/systemlayer\pgfsys-common-pdf.def
File: pgfsys-common-pdf.def 2023-01-15 v3.1.10 (3.1.10)
)))
(D:\MikTex\tex/generic/pgf/systemlayer\pgfsyssoftpath.code.tex
File: pgfsyssoftpath.code.tex 2023-01-15 v3.1.10 (3.1.10)
\pgfsyssoftpath@smallbuffer@items=\count301
\pgfsyssoftpath@bigbuffer@items=\count302
)
(D:\MikTex\tex/generic/pgf/systemlayer\pgfsysprotocol.code.tex
File: pgfsysprotocol.code.tex 2023-01-15 v3.1.10 (3.1.10)
))
(D:\MikTex\tex/latex/pdfpages\pdfpages.sty
Package: pdfpages 2024/10/28 v0.6c Insert pages of external PDF documents (AM)
 (D:\MikTex\tex/latex/base\ifthen.sty
Package: ifthen 2024/03/16 v1.1e Standard LaTeX ifthen package (DPC)
) (D:\MikTex\tex/latex/tools\calc.sty
Package: calc 2023/07/08 v4.3 Infix arithmetic (KKT,FJ)
\calc@Acount=\count303
\calc@Bcount=\count304
\calc@Adimen=\dimen183
\calc@Bdimen=\dimen184
\calc@Askip=\skip73
\calc@Bskip=\skip74
LaTeX Info: Redefining \setlength on input line 80.
LaTeX Info: Redefining \addtolength on input line 81.
\calc@Ccount=\count305
\calc@Cskip=\skip75
) (D:\MikTex\tex/latex/eso-pic\eso-pic.sty
Package: eso-pic 2023/05/03 v3.0c eso-pic (RN)
\ESO@tempdima=\dimen185
\ESO@tempdimb=\dimen186
)
\AM@pagewidth=\dimen187
\AM@pageheight=\dimen188
\AM@fboxrule=\dimen189
 (D:\MikTex\tex/latex/pdfpages\pppdftex.def
File: pppdftex.def 2024/10/28 v0.6c Pdfpages driver for pdfTeX (AM)
)
\pdfpages@includegraphics@status=\count306
\AM@pagebox=\box56
\AM@global@opts=\toks33
\AM@pagecnt=\count307
\AM@toc@title=\toks34
\AM@lof@heading=\toks35
\c@AM@survey=\count308
\AM@templatesizebox=\box57
)
(D:\MikTex\tex/latex/tools\multicol.sty
Package: multicol 2024/05/23 v1.9h multicolumn formatting (FMi)
\c@tracingmulticols=\count309
\mult@box=\box58
\multicol@leftmargin=\dimen190
\c@unbalance=\count310
\c@collectmore=\count311
\doublecol@number=\count312
\multicoltolerance=\count313
\multicolpretolerance=\count314
\full@width=\dimen191
\page@free=\dimen192
\premulticols=\dimen193
\postmulticols=\dimen194
\multicolsep=\skip76
\multicolbaselineskip=\skip77
\partial@page=\box59
\last@line=\box60
\mc@boxedresult=\box61
\maxbalancingoverflow=\dimen195
\mult@rightbox=\box62
\mult@grightbox=\box63
\mult@firstbox=\box64
\mult@gfirstbox=\box65
\@tempa=\box66
\@tempa=\box67
\@tempa=\box68
\@tempa=\box69
\@tempa=\box70
\@tempa=\box71
\@tempa=\box72
\@tempa=\box73
\@tempa=\box74
\@tempa=\box75
\@tempa=\box76
\@tempa=\box77
\@tempa=\box78
\@tempa=\box79
\@tempa=\box80
\@tempa=\box81
\@tempa=\box82
\@tempa=\box83
\@tempa=\box84
\@tempa=\box85
\@tempa=\box86
\@tempa=\box87
\@tempa=\box88
\@tempa=\box89
\@tempa=\box90
\@tempa=\box91
\@tempa=\box92
\@tempa=\box93
\@tempa=\box94
\@tempa=\box95
\@tempa=\box96
\@tempa=\box97
\@tempa=\box98
\@tempa=\box99
\@tempa=\box100
\@tempa=\box101
\c@minrows=\count315
\c@columnbadness=\count316
\c@finalcolumnbadness=\count317
\last@try=\dimen196
\multicolovershoot=\dimen197
\multicolundershoot=\dimen198
\mult@nat@firstbox=\box102
\colbreak@box=\box103
\mc@col@check@num=\count318
) (D:\MikTex\tex/latex/float\float.sty
Package: float 2001/11/08 v1.3d Float enhancements (AL)
\c@float@type=\count319
\float@exts=\toks36
\float@box=\box104
\@float@everytoks=\toks37
\@floatcapt=\box105
)
(D:\MikTex\tex/latex/l3backend\l3backend-pdftex.def
File: l3backend-pdftex.def 2024-05-08 L3 backend support: PDF output (pdfTeX)
\l__color_backend_stack_int=\count320
\l__pdf_internal_box=\box106
) (projektV2.aux)
\openout1 = `projektV2.aux'.

LaTeX Font Info:    Checking defaults for OML/cmm/m/it on input line 22.
LaTeX Font Info:    ... okay on input line 22.
LaTeX Font Info:    Checking defaults for OMS/cmsy/m/n on input line 22.
LaTeX Font Info:    ... okay on input line 22.
LaTeX Font Info:    Checking defaults for OT1/cmr/m/n on input line 22.
LaTeX Font Info:    ... okay on input line 22.
LaTeX Font Info:    Checking defaults for T1/cmr/m/n on input line 22.
LaTeX Font Info:    ... okay on input line 22.
LaTeX Font Info:    Checking defaults for TS1/cmr/m/n on input line 22.
LaTeX Font Info:    ... okay on input line 22.
LaTeX Font Info:    Checking defaults for OMX/cmex/m/n on input line 22.
LaTeX Font Info:    ... okay on input line 22.
LaTeX Font Info:    Checking defaults for U/cmr/m/n on input line 22.
LaTeX Font Info:    ... okay on input line 22.

*geometry* driver: auto-detecting
*geometry* detected driver: pdftex
*geometry* verbose mode - [ preamble ] result:
* driver: pdftex
* paper: a4paper
* layout: <same size as paper>
* layoutoffset:(h,v)=(0.0pt,0.0pt)
* modes: 
* h-part:(L,W,R)=(42.67912pt, 512.14963pt, 42.67912pt)
* v-part:(T,H,B)=(42.67912pt, 759.6886pt, 42.67912pt)
* \paperwidth=597.50787pt
* \paperheight=845.04684pt
* \textwidth=512.14963pt
* \textheight=759.6886pt
* \oddsidemargin=-29.59087pt
* \evensidemargin=-29.59087pt
* \topmargin=-66.59087pt
* \headheight=12.0pt
* \headsep=25.0pt
* \topskip=11.0pt
* \footskip=30.0pt
* \marginparwidth=50.0pt
* \marginparsep=10.0pt
* \columnsep=10.0pt
* \skip\footins=10.0pt plus 4.0pt minus 2.0pt
* \hoffset=0.0pt
* \voffset=0.0pt
* \mag=1000
* \@twocolumnfalse
* \@twosidefalse
* \@mparswitchfalse
* \@reversemarginfalse
* (1in=72.27pt=25.4mm, 1cm=28.453pt)

(D:\MikTex\tex/context/base/mkii\supp-pdf.mkii
[Loading MPS to PDF converter (version 2006.09.02).]
\scratchcounter=\count321
\scratchdimen=\dimen199
\scratchbox=\box107
\nofMPsegments=\count322
\nofMParguments=\count323
\everyMPshowfont=\toks38
\MPscratchCnt=\count324
\MPscratchDim=\dimen256
\MPnumerator=\count325
\makeMPintoPDFobject=\count326
\everyMPtoPDFconversion=\toks39
) (D:\MikTex\tex/latex/epstopdf-pkg\epstopdf-base.sty
Package: epstopdf-base 2020-01-24 v2.11 Base part for package epstopdf
Package epstopdf-base Info: Redefining graphics rule for `.eps' on input line 4
85.

(D:\MikTex\tex/latex/00miktex\epstopdf-sys.cfg
File: epstopdf-sys.cfg 2021/03/18 v2.0 Configuration of epstopdf for MiKTeX
))
Package caption Info: Begin \AtBeginDocument code.
Package caption Info: subfig package v1.3 is loaded.
Package caption Info: float package is loaded.
Package caption Info: End \AtBeginDocument code.

(D:\MikTex\tex/latex/pdflscape\pdflscape.sty
Package: pdflscape 2022-10-27 v0.13 Display of landscape pages in PDF

(D:\MikTex\tex/latex/pdflscape\pdflscape-nometadata.sty
Package: pdflscape-nometadata 2022-10-28 v0.13 Display of landscape pages in PD
F (HO)

(D:\MikTex\tex/latex/graphics\lscape.sty
Package: lscape 2020/05/28 v3.02 Landscape Pages (DPC)
)
Package pdflscape Info: Auto-detected driver: pdftex on input line 81.
))
<logo.png, id=4, 998.73125pt x 401.5pt>
File: logo.png Graphic file (type png)
<use logo.png>
Package pdftex.def Info: logo.png  used on input line 29.
(pdftex.def)             Requested size: 204.85672pt x 82.3509pt.
LaTeX Font Info:    Trying to load font information for U+msa on input line 56.


(D:\MikTex\tex/latex/amsfonts\umsa.fd
File: umsa.fd 2013/01/14 v3.01 AMS symbols A
)
LaTeX Font Info:    Trying to load font information for U+msb on input line 56.

 (D:\MikTex\tex/latex/amsfonts\umsb.fd
File: umsb.fd 2013/01/14 v3.01 AMS symbols B
)

[1

{C:/Users/dawid/AppData/Local/MiKTeX/fonts/map/pdftex/pdftex.map} <./logo.png>]
<model.png, id=16, 1015.99574pt x 643.203pt>
File: model.png Graphic file (type png)
<use model.png>
Package pdftex.def Info: model.png  used on input line 90.
(pdftex.def)             Requested size: 175.7516pt x 111.25688pt.
 [2

 <./model.png>]
<strojenie/XYZ.png, id=28, 690.84767pt x 437.36734pt>
File: strojenie/XYZ.png Graphic file (type png)
<use strojenie/XYZ.png>
Package pdftex.def Info: strojenie/XYZ.png  used on input line 185.
(pdftex.def)             Requested size: 251.07481pt x 158.94702pt.
<strojenie/RLY.png, id=29, 682.01466pt x 438.57184pt>
File: strojenie/RLY.png Graphic file (type png)
<use strojenie/RLY.png>
Package pdftex.def Info: strojenie/RLY.png  used on input line 192.
(pdftex.def)             Requested size: 251.07481pt x 161.4526pt.
<nastawy.png, id=30, 448.074pt x 239.6955pt>
File: nastawy.png Graphic file (type png)
<use nastawy.png>
Package pdftex.def Info: nastawy.png  used on input line 202.
(pdftex.def)             Requested size: 251.07481pt x 134.31267pt.
 [3 <./strojenie/XYZ.png> <./strojenie/RLY.png> <./nastawy.png>]
<strojenie/z.png, id=37, 679.60567pt x 432.014pt>
File: strojenie/z.png Graphic file (type png)
<use strojenie/z.png>
Package pdftex.def Info: strojenie/z.png  used on input line 210.
(pdftex.def)             Requested size: 251.07481pt x 159.60536pt.
<paraboliczna/parabole.png, id=38, 624.39941pt x 430.74258pt>
File: paraboliczna/parabole.png Graphic file (type png)
<use paraboliczna/parabole.png>
Package pdftex.def Info: paraboliczna/parabole.png  used on input line 257.
(pdftex.def)             Requested size: 251.07481pt x 173.20099pt.
 [4 <./strojenie/z.png>]
<paraboliczna/st.png, id=44, 600.30942pt x 423.04716pt>
File: paraboliczna/st.png Graphic file (type png)
<use paraboliczna/st.png>
Package pdftex.def Info: paraboliczna/st.png  used on input line 263.
(pdftex.def)             Requested size: 251.07481pt x 176.93625pt.
<lądowanie/set.png, id=45, 377.0085pt x 245.11575pt>
File: lądowanie/set.png Graphic file (type png)
<use lądowanie/set.png>
Package pdftex.def Info: lądowanie/set.png  used on input line 282.
(pdftex.def)             Requested size: 251.07481pt x 163.23929pt.
<lądowanie/lond.png, id=46, 390.86024pt x 345.08925pt>
File: lądowanie/lond.png Graphic file (type png)
<use lądowanie/lond.png>
Package pdftex.def Info: lądowanie/lond.png  used on input line 291.
(pdftex.def)             Requested size: 251.07481pt x 221.6778pt.
 [5 <./paraboliczna/parabole.png> <./paraboliczna/st.png> <./lądowanie/set.png
>]
LaTeX Font Info:    Trying to load font information for T1+cmtt on input line 3
00.
 (D:\MikTex\tex/latex/base\t1cmtt.fd
File: t1cmtt.fd 2023/04/13 v2.5m Standard LaTeX font definitions
)
<lądowanie/land.png, id=53, 648.92438pt x 446.41782pt>
File: lądowanie/land.png Graphic file (type png)
<use lądowanie/land.png>
Package pdftex.def Info: lądowanie/land.png  used on input line 316.
(pdftex.def)             Requested size: 251.07481pt x 172.71945pt.
<nakazane/nakaz-sch.png, id=54, 659.46375pt x 296.307pt>
File: nakazane/nakaz-sch.png Graphic file (type png)
<use nakazane/nakaz-sch.png>
Package pdftex.def Info: nakazane/nakaz-sch.png  used on input line 334.
(pdftex.def)             Requested size: 251.07481pt x 112.81032pt.
 [6 <./lądowanie/lond.png> <./lądowanie/land.png> <./nakazane/nakaz-sch.png>]
<nakazane/nakaz.png, id=62, 696.201pt x 645.612pt>
File: nakazane/nakaz.png Graphic file (type png)
<use nakazane/nakaz.png>
Package pdftex.def Info: nakazane/nakaz.png  used on input line 425.
(pdftex.def)             Requested size: 251.07481pt x 232.8339pt.
<wiatr/sch-w.png, id=63, 713.66624pt x 521.5485pt>
File: wiatr/sch-w.png Graphic file (type png)
<use wiatr/sch-w.png>
Package pdftex.def Info: wiatr/sch-w.png  used on input line 440.
(pdftex.def)             Requested size: 251.07481pt x 183.48376pt.
 [7 <./nakazane/nakaz.png>]
<wiatr/maly.png, id=69, 406.9793pt x 277.17671pt>
File: wiatr/maly.png Graphic file (type png)
<use wiatr/maly.png>
Package pdftex.def Info: wiatr/maly.png  used on input line 467.
(pdftex.def)             Requested size: 251.07481pt x 170.99767pt.
<wiatr/duzy.png, id=70, 399.04376pt x 264.42317pt>
File: wiatr/duzy.png Graphic file (type png)
<use wiatr/duzy.png>
Package pdftex.def Info: wiatr/duzy.png  used on input line 493.
(pdftex.def)             Requested size: 251.07481pt x 166.37363pt.
 [8 <./wiatr/sch-w.png> <./wiatr/maly.png> <./wiatr/duzy.png>]
[9] (projektV2.aux)
 ***********
LaTeX2e <2024-06-01> patch level 2
L3 programming layer <2024-05-27>
 ***********
 )
(\end occurred inside a group at level 1)

### semi simple group (level 1) entered at line 79 (\begingroup)
### bottom level 
Here is how much of TeX's memory you used:
 10230 strings out of 473904
 178212 string characters out of 5743015
 1947908 words of memory out of 5000000
 32886 multiletter control sequences out of 15000+600000
 569556 words of font info for 66 fonts, out of 8000000 for 9000
 1141 hyphenation exceptions out of 8191
 94i,7n,93p,1147b,455s stack positions out of 10000i,1000n,20000p,200000b,200000s
 <C:\Users\dawid\AppData\Local\MiKTeX\fonts/pk/ljfour/jknappen/
ec/dpi600\ectt0900.pk> <C:\Users\dawid\AppData\Local\MiKTeX\fonts/pk/ljfour/jkn
appen/ec/dpi600\ecti1200.pk> <C:\Users\dawid\AppData\Local\MiKTeX\fonts/pk/ljfo
ur/jknappen/ec/dpi600\ecrm1095.pk> <C:\Users\dawid\AppData\Local\MiKTeX\fonts/p
k/ljfour/jknappen/ec/dpi600\ecbx1200.pk> <C:\Users\dawid\AppData\Local\MiKTeX\f
onts/pk/ljfour/jknappen/ec/dpi600\ecrm1200.pk> <C:\Users\dawid\AppData\Local\Mi
KTeX\fonts/pk/ljfour/jknappen/ec/dpi600\ecbx1440.pk><D:/MikTex/fonts/type1/publ
ic/amsfonts/cm/cmbx12.pfb><D:/MikTex/fonts/type1/public/amsfonts/cm/cmex10.pfb>
<D:/MikTex/fonts/type1/public/amsfonts/cm/cmmi12.pfb><D:/MikTex/fonts/type1/pub
lic/amsfonts/cm/cmmi8.pfb><D:/MikTex/fonts/type1/public/amsfonts/cm/cmr12.pfb><
D:/MikTex/fonts/type1/public/amsfonts/cm/cmr8.pfb><D:/MikTex/fonts/type1/public
/amsfonts/cm/cmsy10.pfb><D:/MikTex/fonts/type1/public/amsfonts/cm/cmsy8.pfb>
Output written on projektV2.pdf (9 pages, 3803080 bytes).
PDF statistics:
 425 PDF objects out of 1000 (max. 8388607)
 0 named destinations out of 1000 (max. 500000)
 93 words of extra memory for PDF output out of 10000 (max. 10000000)

